21:53:53 **** Incremental Build of configuration Debug for project hammingDistance ****
make all 
make: Nothing to be done for 'all'.
21:53:55 **** Incremental Build of configuration Debug for project hammingDistance ****
make all 
make: Nothing to be done for 'all'.
22:02:22 **** Incremental Build of configuration Debug for project hammingDistance ****
make all 
make: Nothing to be done for 'all'.
22:02:22 **** Build of configuration Debug for project maximumAverageSubarray ****
make all 
Building file: ../main.c
Invoking: GCC C Compiler
gcc -O0 -g3 -Wall -c -fmessage-length=0 -MMD -MP -MF"main.d" -MT"main.o" -o "main.o" "../main.c"
../main.c: In function ‘main’:
../main.c:14:2: warning: implicit declaration of function ‘printf’ [-Wimplicit-function-declaration]
  printf("findMaxAverage return value: %f\n", findMaxAverage(nums, 6, 4));
  ^
../main.c:14:2: warning: incompatible implicit declaration of built-in function ‘printf’
../main.c:14:2: note: include ‘<stdio.h>’ or provide a declaration of ‘printf’
../main.c: In function ‘findMaxAverage’:
../main.c:21:1: warning: control reaches end of non-void function [-Wreturn-type]
 }
 ^
Finished building: ../main.c
 
Building target: maximumAverageSubarray
Invoking: GCC C Linker
gcc  -o "maximumAverageSubarray"  ./main.o   
Finished building target: maximumAverageSubarray
 
22:05:42 **** Incremental Build of configuration Debug for project maximumAverageSubarray ****
make all 
Building file: ../main.c
Invoking: GCC C Compiler
gcc -O0 -g3 -Wall -c -fmessage-length=0 -MMD -MP -MF"main.d" -MT"main.o" -o "main.o" "../main.c"
../main.c: In function ‘main’:
../main.c:14:2: warning: implicit declaration of function ‘printf’ [-Wimplicit-function-declaration]
  printf("findMaxAverage return value: %f\n", findMaxAverage(nums, 6, 4));
  ^
../main.c:14:2: warning: incompatible implicit declaration of built-in function ‘printf’
../main.c:14:2: note: include ‘<stdio.h>’ or provide a declaration of ‘printf’
../main.c: In function ‘findMaxAverage’:
../main.c:27:4: warning: incompatible implicit declaration of built-in function ‘printf’
    printf("%d", nums[i]);
    ^
../main.c:27:4: note: include ‘<stdio.h>’ or provide a declaration of ‘printf’
../main.c:30:3: warning: incompatible implicit declaration of built-in function ‘printf’
   printf("\n");
   ^
../main.c:30:3: note: include ‘<stdio.h>’ or provide a declaration of ‘printf’
../main.c:34:1: warning: control reaches end of non-void function [-Wreturn-type]
 }
 ^
Finished building: ../main.c
 
Building target: maximumAverageSubarray
Invoking: GCC C Linker
gcc  -o "maximumAverageSubarray"  ./main.o   
Finished building target: maximumAverageSubarray
 
22:05:43 **** Incremental Build of configuration Debug for project maximumAverageSubarray ****
make all 
make: Nothing to be done for 'all'.
22:05:49 **** Incremental Build of configuration Debug for project maximumAverageSubarray ****
make all 
Building file: ../main.c
Invoking: GCC C Compiler
gcc -O0 -g3 -Wall -c -fmessage-length=0 -MMD -MP -MF"main.d" -MT"main.o" -o "main.o" "../main.c"
../main.c: In function ‘main’:
../main.c:14:2: warning: implicit declaration of function ‘printf’ [-Wimplicit-function-declaration]
  printf("findMaxAverage return value: %f\n", findMaxAverage(nums, 6, 4));
  ^
../main.c:14:2: warning: incompatible implicit declaration of built-in function ‘printf’
../main.c:14:2: note: include ‘<stdio.h>’ or provide a declaration of ‘printf’
../main.c: In function ‘findMaxAverage’:
../main.c:27:4: warning: incompatible implicit declaration of built-in function ‘printf’
    printf("%d ", nums[i]);
    ^
../main.c:27:4: note: include ‘<stdio.h>’ or provide a declaration of ‘printf’
../main.c:30:3: warning: incompatible implicit declaration of built-in function ‘printf’
   printf("\n");
   ^
../main.c:30:3: note: include ‘<stdio.h>’ or provide a declaration of ‘printf’
../main.c:34:1: warning: control reaches end of non-void function [-Wreturn-type]
 }
 ^
Finished building: ../main.c
 
Building target: maximumAverageSubarray
Invoking: GCC C Linker
gcc  -o "maximumAverageSubarray"  ./main.o   
Finished building target: maximumAverageSubarray
 
22:05:50 **** Incremental Build of configuration Debug for project maximumAverageSubarray ****
make all 
make: Nothing to be done for 'all'.
22:06:16 **** Incremental Build of configuration Debug for project maximumAverageSubarray ****
make all 
Building file: ../main.c
Invoking: GCC C Compiler
gcc -O0 -g3 -Wall -c -fmessage-length=0 -MMD -MP -MF"main.d" -MT"main.o" -o "main.o" "../main.c"
../main.c: In function ‘main’:
../main.c:14:2: warning: implicit declaration of function ‘printf’ [-Wimplicit-function-declaration]
  printf("findMaxAverage return value: %f\n", findMaxAverage(nums, 6, 4));
  ^
../main.c:14:2: warning: incompatible implicit declaration of built-in function ‘printf’
../main.c:14:2: note: include ‘<stdio.h>’ or provide a declaration of ‘printf’
../main.c: In function ‘findMaxAverage’:
../main.c:27:4: warning: incompatible implicit declaration of built-in function ‘printf’
    printf("%d ", nums[i]);
    ^
../main.c:27:4: note: include ‘<stdio.h>’ or provide a declaration of ‘printf’
../main.c:30:3: warning: incompatible implicit declaration of built-in function ‘printf’
   printf("\n");
   ^
../main.c:30:3: note: include ‘<stdio.h>’ or provide a declaration of ‘printf’
../main.c:34:1: warning: control reaches end of non-void function [-Wreturn-type]
 }
 ^
Finished building: ../main.c
 
Building target: maximumAverageSubarray
Invoking: GCC C Linker
gcc  -o "maximumAverageSubarray"  ./main.o   
Finished building target: maximumAverageSubarray
 
22:06:17 **** Incremental Build of configuration Debug for project maximumAverageSubarray ****
make all 
make: Nothing to be done for 'all'.
22:08:03 **** Incremental Build of configuration Debug for project maximumAverageSubarray ****
make all 
Building file: ../main.c
Invoking: GCC C Compiler
gcc -O0 -g3 -Wall -c -fmessage-length=0 -MMD -MP -MF"main.d" -MT"main.o" -o "main.o" "../main.c"
../main.c: In function ‘main’:
../main.c:14:2: warning: implicit declaration of function ‘printf’ [-Wimplicit-function-declaration]
  printf("findMaxAverage return value: %f\n", findMaxAverage(nums, 6, 4));
  ^
../main.c:14:2: warning: incompatible implicit declaration of built-in function ‘printf’
../main.c:14:2: note: include ‘<stdio.h>’ or provide a declaration of ‘printf’
../main.c: In function ‘findMaxAverage’:
../main.c:28:4: warning: incompatible implicit declaration of built-in function ‘printf’
    printf("%d ", nums[i]);
    ^
../main.c:28:4: note: include ‘<stdio.h>’ or provide a declaration of ‘printf’
../main.c:32:3: warning: incompatible implicit declaration of built-in function ‘printf’
   printf("Average %f", average);
   ^
../main.c:32:3: note: include ‘<stdio.h>’ or provide a declaration of ‘printf’
../main.c:22:18: warning: unused variable ‘maxAverage’ [-Wunused-variable]
  double average, maxAverage;
                  ^
../main.c:37:1: warning: control reaches end of non-void function [-Wreturn-type]
 }
 ^
Finished building: ../main.c
 
Building target: maximumAverageSubarray
Invoking: GCC C Linker
gcc  -o "maximumAverageSubarray"  ./main.o   
Finished building target: maximumAverageSubarray
 
22:08:04 **** Incremental Build of configuration Debug for project maximumAverageSubarray ****
make all 
make: Nothing to be done for 'all'.
22:08:45 **** Incremental Build of configuration Debug for project maximumAverageSubarray ****
make all 
Building file: ../main.c
Invoking: GCC C Compiler
gcc -O0 -g3 -Wall -c -fmessage-length=0 -MMD -MP -MF"main.d" -MT"main.o" -o "main.o" "../main.c"
../main.c: In function ‘main’:
../main.c:14:2: warning: implicit declaration of function ‘printf’ [-Wimplicit-function-declaration]
  printf("findMaxAverage return value: %f\n", findMaxAverage(nums, 6, 4));
  ^
../main.c:14:2: warning: incompatible implicit declaration of built-in function ‘printf’
../main.c:14:2: note: include ‘<stdio.h>’ or provide a declaration of ‘printf’
../main.c: In function ‘findMaxAverage’:
../main.c:28:4: warning: incompatible implicit declaration of built-in function ‘printf’
    printf("%d ", nums[i]);
    ^
../main.c:28:4: note: include ‘<stdio.h>’ or provide a declaration of ‘printf’
../main.c:32:3: warning: incompatible implicit declaration of built-in function ‘printf’
   printf("Average %f", average);
   ^
../main.c:32:3: note: include ‘<stdio.h>’ or provide a declaration of ‘printf’
../main.c:38:9: warning: ‘maxAverage’ is used uninitialized in this function [-Wuninitialized]
  return maxAverage;
         ^
Finished building: ../main.c
 
Building target: maximumAverageSubarray
Invoking: GCC C Linker
gcc  -o "maximumAverageSubarray"  ./main.o   
Finished building target: maximumAverageSubarray
 
22:08:46 **** Incremental Build of configuration Debug for project maximumAverageSubarray ****
make all 
make: Nothing to be done for 'all'.
22:09:35 **** Incremental Build of configuration Debug for project maximumAverageSubarray ****
make all 
Building file: ../main.c
Invoking: GCC C Compiler
gcc -O0 -g3 -Wall -c -fmessage-length=0 -MMD -MP -MF"main.d" -MT"main.o" -o "main.o" "../main.c"
../main.c: In function ‘main’:
../main.c:14:2: warning: implicit declaration of function ‘printf’ [-Wimplicit-function-declaration]
  printf("findMaxAverage return value: %f\n", findMaxAverage(nums, 6, 4));
  ^
../main.c:14:2: warning: incompatible implicit declaration of built-in function ‘printf’
../main.c:14:2: note: include ‘<stdio.h>’ or provide a declaration of ‘printf’
../main.c: In function ‘findMaxAverage’:
../main.c:28:4: warning: incompatible implicit declaration of built-in function ‘printf’
    printf("%d ", nums[i]);
    ^
../main.c:28:4: note: include ‘<stdio.h>’ or provide a declaration of ‘printf’
../main.c:32:3: warning: incompatible implicit declaration of built-in function ‘printf’
   printf("Average %f", average);
   ^
../main.c:32:3: note: include ‘<stdio.h>’ or provide a declaration of ‘printf’
../main.c:39:9: warning: ‘maxAverage’ is used uninitialized in this function [-Wuninitialized]
  return maxAverage;
         ^
Finished building: ../main.c
 
Building target: maximumAverageSubarray
Invoking: GCC C Linker
gcc  -o "maximumAverageSubarray"  ./main.o   
Finished building target: maximumAverageSubarray
 
22:09:38 **** Incremental Build of configuration Debug for project maximumAverageSubarray ****
make all 
make: Nothing to be done for 'all'.
22:12:21 **** Incremental Build of configuration Debug for project maximumAverageSubarray ****
make all 
Building file: ../main.c
Invoking: GCC C Compiler
gcc -O0 -g3 -Wall -c -fmessage-length=0 -MMD -MP -MF"main.d" -MT"main.o" -o "main.o" "../main.c"
../main.c: In function ‘main’:
../main.c:14:2: warning: implicit declaration of function ‘printf’ [-Wimplicit-function-declaration]
  printf("findMaxAverage return value: %f\n", findMaxAverage(nums, 6, 4));
  ^
../main.c:14:2: warning: incompatible implicit declaration of built-in function ‘printf’
../main.c:14:2: note: include ‘<stdio.h>’ or provide a declaration of ‘printf’
../main.c: In function ‘findMaxAverage’:
../main.c:28:4: warning: incompatible implicit declaration of built-in function ‘printf’
    printf("%d ", nums[i]);
    ^
../main.c:28:4: note: include ‘<stdio.h>’ or provide a declaration of ‘printf’
../main.c:36:3: warning: incompatible implicit declaration of built-in function ‘printf’
   printf("Average %f", average);
   ^
../main.c:36:3: note: include ‘<stdio.h>’ or provide a declaration of ‘printf’
Finished building: ../main.c
 
Building target: maximumAverageSubarray
Invoking: GCC C Linker
gcc  -o "maximumAverageSubarray"  ./main.o   
Finished building target: maximumAverageSubarray
 
22:12:22 **** Incremental Build of configuration Debug for project maximumAverageSubarray ****
make all 
make: Nothing to be done for 'all'.
22:15:05 **** Incremental Build of configuration Debug for project maximumAverageSubarray ****
make all 
Building file: ../main.c
Invoking: GCC C Compiler
gcc -O0 -g3 -Wall -c -fmessage-length=0 -MMD -MP -MF"main.d" -MT"main.o" -o "main.o" "../main.c"
../main.c: In function ‘main’:
../main.c:14:2: warning: implicit declaration of function ‘printf’ [-Wimplicit-function-declaration]
  printf("findMaxAverage return value: %f\n", findMaxAverage(nums, 6, 4));
  ^
../main.c:14:2: warning: incompatible implicit declaration of built-in function ‘printf’
../main.c:14:2: note: include ‘<stdio.h>’ or provide a declaration of ‘printf’
Finished building: ../main.c
 
Building target: maximumAverageSubarray
Invoking: GCC C Linker
gcc  -o "maximumAverageSubarray"  ./main.o   
Finished building target: maximumAverageSubarray
 
22:15:06 **** Incremental Build of configuration Debug for project maximumAverageSubarray ****
make all 
make: Nothing to be done for 'all'.
22:18:48 **** Incremental Build of configuration Debug for project maximumAverageSubarray ****
make all 
Building file: ../main.c
Invoking: GCC C Compiler
gcc -O0 -g3 -Wall -c -fmessage-length=0 -MMD -MP -MF"main.d" -MT"main.o" -o "main.o" "../main.c"
../main.c: In function ‘main’:
../main.c:14:2: warning: implicit declaration of function ‘printf’ [-Wimplicit-function-declaration]
  printf("findMaxAverage return value: %f\n", findMaxAverage(nums, 6, 4));
  ^
../main.c:14:2: warning: incompatible implicit declaration of built-in function ‘printf’
../main.c:14:2: note: include ‘<stdio.h>’ or provide a declaration of ‘printf’
Finished building: ../main.c
 
Building target: maximumAverageSubarray
Invoking: GCC C Linker
gcc  -o "maximumAverageSubarray"  ./main.o   
Finished building target: maximumAverageSubarray
 
22:18:49 **** Incremental Build of configuration Debug for project maximumAverageSubarray ****
make all 
make: Nothing to be done for 'all'.
22:22:19 **** Incremental Build of configuration Debug for project maximumAverageSubarray ****
make all 
Building file: ../main.c
Invoking: GCC C Compiler
gcc -O0 -g3 -Wall -c -fmessage-length=0 -MMD -MP -MF"main.d" -MT"main.o" -o "main.o" "../main.c"
../main.c: In function ‘main’:
../main.c:14:2: warning: implicit declaration of function ‘printf’ [-Wimplicit-function-declaration]
  printf("findMaxAverage return value: %f\n", findMaxAverage(nums, 6, 4));
  ^
../main.c:14:2: warning: incompatible implicit declaration of built-in function ‘printf’
../main.c:14:2: note: include ‘<stdio.h>’ or provide a declaration of ‘printf’
Finished building: ../main.c
 
Building target: maximumAverageSubarray
Invoking: GCC C Linker
gcc  -o "maximumAverageSubarray"  ./main.o   
Finished building target: maximumAverageSubarray
 
22:26:42 **** Incremental Build of configuration Debug for project maximumAverageSubarray ****
make all 
Building file: ../main.c
Invoking: GCC C Compiler
gcc -O0 -g3 -Wall -c -fmessage-length=0 -MMD -MP -MF"main.d" -MT"main.o" -o "main.o" "../main.c"
../main.c: In function ‘main’:
../main.c:14:2: warning: implicit declaration of function ‘printf’ [-Wimplicit-function-declaration]
  printf("findMaxAverage return value: %f\n", findMaxAverage(nums, 6, 4));
  ^
../main.c:14:2: warning: incompatible implicit declaration of built-in function ‘printf’
../main.c:14:2: note: include ‘<stdio.h>’ or provide a declaration of ‘printf’
Finished building: ../main.c
 
Building target: maximumAverageSubarray
Invoking: GCC C Linker
gcc  -o "maximumAverageSubarray"  ./main.o   
Finished building target: maximumAverageSubarray
 
22:26:44 **** Incremental Build of configuration Debug for project maximumAverageSubarray ****
make all 
make: Nothing to be done for 'all'.
22:27:08 **** Incremental Build of configuration Debug for project maximumAverageSubarray ****
make all 
../main.c: In function ‘main’:
../main.c:14:2: warning: implicit declaration of function ‘printf’ [-Wimplicit-function-declaration]
  printf("findMaxAverage return value: %f\n", findMaxAverage(nums, 6, 4));
  ^
Building file: ../main.c
Invoking: GCC C Compiler
gcc -O0 -g3 -Wall -c -fmessage-length=0 -MMD -MP -MF"main.d" -MT"main.o" -o "main.o" "../main.c"
Finished building: ../main.c
 
Building target: maximumAverageSubarray
Invoking: GCC C Linker
gcc  -o "maximumAverageSubarray"  ./main.o   
../main.c:14:2: warning: incompatible implicit declaration of built-in function ‘printf’
../main.c:14:2: note: include ‘<stdio.h>’ or provide a declaration of ‘printf’
Finished building target: maximumAverageSubarray
 
22:27:09 **** Incremental Build of configuration Debug for project maximumAverageSubarray ****
make all 
make: Nothing to be done for 'all'.
22:28:34 **** Incremental Build of configuration Debug for project maximumAverageSubarray ****
make all 
Building file: ../main.c
Invoking: GCC C Compiler
gcc -O0 -g3 -Wall -c -fmessage-length=0 -MMD -MP -MF"main.d" -MT"main.o" -o "main.o" "../main.c"
../main.c: In function ‘main’:
../main.c:14:2: warning: implicit declaration of function ‘printf’ [-Wimplicit-function-declaration]
  printf("findMaxAverage return value: %f\n", findMaxAverage(nums, 6, 4));
  ^
../main.c:14:2: warning: incompatible implicit declaration of built-in function ‘printf’
../main.c:14:2: note: include ‘<stdio.h>’ or provide a declaration of ‘printf’
Finished building: ../main.c
 
Building target: maximumAverageSubarray
Invoking: GCC C Linker
gcc  -o "maximumAverageSubarray"  ./main.o   
Finished building target: maximumAverageSubarray
 
22:28:36 **** Incremental Build of configuration Debug for project maximumAverageSubarray ****
make all 
make: Nothing to be done for 'all'.
22:28:50 **** Incremental Build of configuration Debug for project maximumAverageSubarray ****
make all 
Building file: ../main.c
Invoking: GCC C Compiler
gcc -O0 -g3 -Wall -c -fmessage-length=0 -MMD -MP -MF"main.d" -MT"main.o" -o "main.o" "../main.c"
../main.c: In function ‘main’:
../main.c:14:2: warning: implicit declaration of function ‘printf’ [-Wimplicit-function-declaration]
  printf("findMaxAverage return value: %f\n", findMaxAverage(nums, 6, 4));
  ^
../main.c:14:2: warning: incompatible implicit declaration of built-in function ‘printf’
../main.c:14:2: note: include ‘<stdio.h>’ or provide a declaration of ‘printf’
Finished building: ../main.c
 
Building target: maximumAverageSubarray
Invoking: GCC C Linker
gcc  -o "maximumAverageSubarray"  ./main.o   
Finished building target: maximumAverageSubarray
 
22:28:51 **** Incremental Build of configuration Debug for project maximumAverageSubarray ****
make all 
make: Nothing to be done for 'all'.
22:29:42 **** Incremental Build of configuration Debug for project maximumAverageSubarray ****
make all 
Building file: ../main.c
Invoking: GCC C Compiler
gcc -O0 -g3 -Wall -c -fmessage-length=0 -MMD -MP -MF"main.d" -MT"main.o" -o "main.o" "../main.c"
../main.c: In function ‘main’:
../main.c:14:2: warning: implicit declaration of function ‘printf’ [-Wimplicit-function-declaration]
  printf("findMaxAverage return value: %f\n", findMaxAverage(nums, 6, 4));
  ^
../main.c:14:2: warning: incompatible implicit declaration of built-in function ‘printf’
../main.c:14:2: note: include ‘<stdio.h>’ or provide a declaration of ‘printf’
Finished building: ../main.c
 
Building target: maximumAverageSubarray
Invoking: GCC C Linker
gcc  -o "maximumAverageSubarray"  ./main.o   
Finished building target: maximumAverageSubarray
 
22:29:43 **** Incremental Build of configuration Debug for project maximumAverageSubarray ****
make all 
make: Nothing to be done for 'all'.
22:30:04 **** Incremental Build of configuration Debug for project maximumAverageSubarray ****
make all 
Building file: ../main.c
Invoking: GCC C Compiler
gcc -O0 -g3 -Wall -c -fmessage-length=0 -MMD -MP -MF"main.d" -MT"main.o" -o "main.o" "../main.c"
../main.c: In function ‘main’:
../main.c:14:2: warning: implicit declaration of function ‘printf’ [-Wimplicit-function-declaration]
  printf("findMaxAverage return value: %f\n", findMaxAverage(nums, 6, 4));
  ^
../main.c:14:2: warning: incompatible implicit declaration of built-in function ‘printf’
../main.c:14:2: note: include ‘<stdio.h>’ or provide a declaration of ‘printf’
Finished building: ../main.c
 
Building target: maximumAverageSubarray
Invoking: GCC C Linker
gcc  -o "maximumAverageSubarray"  ./main.o   
Finished building target: maximumAverageSubarray
 
22:30:05 **** Incremental Build of configuration Debug for project maximumAverageSubarray ****
make all 
make: Nothing to be done for 'all'.
22:33:36 **** Incremental Build of configuration Debug for project maximumAverageSubarray ****
make all 
Building file: ../main.c
Invoking: GCC C Compiler
gcc -O0 -g3 -Wall -c -fmessage-length=0 -MMD -MP -MF"main.d" -MT"main.o" -o "main.o" "../main.c"
../main.c: In function ‘main’:
../main.c:14:2: warning: implicit declaration of function ‘printf’ [-Wimplicit-function-declaration]
  printf("findMaxAverage return value: %f\n", findMaxAverage(nums, 6, 6));
  ^
../main.c:14:2: warning: incompatible implicit declaration of built-in function ‘printf’
../main.c:14:2: note: include ‘<stdio.h>’ or provide a declaration of ‘printf’
Finished building: ../main.c
 
Building target: maximumAverageSubarray
Invoking: GCC C Linker
gcc  -o "maximumAverageSubarray"  ./main.o   
Finished building target: maximumAverageSubarray
 
22:33:37 **** Incremental Build of configuration Debug for project maximumAverageSubarray ****
make all 
make: Nothing to be done for 'all'.
22:35:39 **** Incremental Build of configuration Debug for project maximumAverageSubarray ****
make all 
Building file: ../main.c
Invoking: GCC C Compiler
gcc -O0 -g3 -Wall -c -fmessage-length=0 -MMD -MP -MF"main.d" -MT"main.o" -o "main.o" "../main.c"
../main.c: In function ‘main’:
../main.c:14:2: warning: implicit declaration of function ‘printf’ [-Wimplicit-function-declaration]
  printf("findMaxAverage return value: %f\n", findMaxAverage(nums, 6, 6));
  ^
../main.c:14:2: warning: incompatible implicit declaration of built-in function ‘printf’
../main.c:14:2: note: include ‘<stdio.h>’ or provide a declaration of ‘printf’
Finished building: ../main.c
 
Building target: maximumAverageSubarray
Invoking: GCC C Linker
gcc  -o "maximumAverageSubarray"  ./main.o   
Finished building target: maximumAverageSubarray
 
22:35:42 **** Incremental Build of configuration Debug for project maximumAverageSubarray ****
make all 
Building file: ../main.c
Invoking: GCC C Compiler
gcc -O0 -g3 -Wall -c -fmessage-length=0 -MMD -MP -MF"main.d" -MT"main.o" -o "main.o" "../main.c"
../main.c: In function ‘main’:
../main.c:14:2: warning: implicit declaration of function ‘printf’ [-Wimplicit-function-declaration]
  printf("findMaxAverage return value: %f\n", findMaxAverage(nums, 6, 6));
  ^
../main.c:14:2: warning: incompatible implicit declaration of built-in function ‘printf’
../main.c:14:2: note: include ‘<stdio.h>’ or provide a declaration of ‘printf’
../main.c: In function ‘findMaxAverage’:
../main.c:21:11: error: expected identifier or ‘(’ before ‘[’ token
  long long[8860,-853,6534,4477,-4589,8646,-6155,-5577,-1656,-5779,-2619,-8604,-1358,-8009,4983,7063,3104,-1560,4080,2763,5616,-2375,2848,1394,-7173,-5225,-8244,-809,8025,-4072,-4391,-9579,1407,6700,2421,-6685,5481,-1732,-8892,-6645,3077,3287,-4149,8701,-4393,-9070,-1777,2237,-3253,-506,-4931,-7366,-8132,5406,-6300,-275,-1908,67,3569,1433,-7262,-437,8303,4498,-379,3054,-6285,4203,6908,4433,3077,2288,9733,-8067,3007,9725,9669,1362,-2561,-4225,5442,-9006,-429,160,-9234,-4444,3586,-5711,-9506,-79,-4418,-4348,-5891]
           ^
../main.c:35:4: error: ‘sum’ undeclared (first use in this function)
    sum += nums[i];
    ^
../main.c:35:4: note: each undeclared identifier is reported only once for each function it appears in
make: *** [main.o] Error 1
subdir.mk:18: recipe for target 'main.o' failed
22:35:46 **** Incremental Build of configuration Debug for project maximumAverageSubarray ****
make all 
Building file: ../main.c
Invoking: GCC C Compiler
gcc -O0 -g3 -Wall -c -fmessage-length=0 -MMD -MP -MF"main.d" -MT"main.o" -o "main.o" "../main.c"
../main.c: In function ‘main’:
../main.c:14:2: warning: implicit declaration of function ‘printf’ [-Wimplicit-function-declaration]
  printf("findMaxAverage return value: %f\n", findMaxAverage(nums, 6, 6));
  ^
../main.c:14:2: warning: incompatible implicit declaration of built-in function ‘printf’
../main.c:14:2: note: include ‘<stdio.h>’ or provide a declaration of ‘printf’
../main.c: In function ‘findMaxAverage’:
../main.c:21:11: error: expected identifier or ‘(’ before ‘[’ token
  long long[8860,-853,6534,4477,-4589,8646,-6155,-5577,-1656,-5779,-2619,-8604,-1358,-8009,4983,7063,3104,-1560,4080,2763,5616,-2375,2848,1394,-7173,-5225,-8244,-809,8025,-4072,-4391,-9579,1407,6700,2421,-6685,5481,-1732,-8892,-6645,3077,3287,-4149,8701,-4393,-9070,-1777,2237,-3253,-506,-4931,-7366,-8132,5406,-6300,-275,-1908,67,3569,1433,-7262,-437,8303,4498,-379,3054,-6285,4203,6908,4433,3077,2288,9733,-8067,3007,9725,9669,1362,-2561,-4225,5442,-9006,-429,160,-9234,-4444,3586,-5711,-9506,-79,-4418,-4348,-5891]
           ^
../main.c:35:4: error: ‘sum’ undeclared (first use in this function)
    sum += nums[i];
    ^
../main.c:35:4: note: each undeclared identifier is reported only once for each function it appears in
subdir.mk:18: recipe for target 'main.o' failed
make: *** [main.o] Error 1
22:36:29 **** Incremental Build of configuration Debug for project maximumAverageSubarray ****
make all 
Building file: ../main.c
Invoking: GCC C Compiler
gcc -O0 -g3 -Wall -c -fmessage-length=0 -MMD -MP -MF"main.d" -MT"main.o" -o "main.o" "../main.c"
../main.c: In function ‘main’:
../main.c:14:2: warning: implicit declaration of function ‘printf’ [-Wimplicit-function-declaration]
  printf("findMaxAverage return value: %f\n", findMaxAverage(nums, 6, 6));
  ^
../main.c:14:2: warning: incompatible implicit declaration of built-in function ‘printf’
../main.c:14:2: note: include ‘<stdio.h>’ or provide a declaration of ‘printf’
Finished building: ../main.c
 
Building target: maximumAverageSubarray
Invoking: GCC C Linker
gcc  -o "maximumAverageSubarray"  ./main.o   
Finished building target: maximumAverageSubarray
 
22:36:30 **** Incremental Build of configuration Debug for project maximumAverageSubarray ****
make all 
make: Nothing to be done for 'all'.
22:39:47 **** Incremental Build of configuration Debug for project maximumAverageSubarray ****
make all 
Building file: ../main.c
Invoking: GCC C Compiler
gcc -O0 -g3 -Wall -c -fmessage-length=0 -MMD -MP -MF"main.d" -MT"main.o" -o "main.o" "../main.c"
../main.c: In function ‘main’:
../main.c:14:2: warning: implicit declaration of function ‘printf’ [-Wimplicit-function-declaration]
  printf("findMaxAverage return value: %f\n", findMaxAverage(nums, 6, 6));
  ^
../main.c:14:2: warning: incompatible implicit declaration of built-in function ‘printf’
../main.c:14:2: note: include ‘<stdio.h>’ or provide a declaration of ‘printf’
../main.c: In function ‘findMaxAverage’:
../main.c:36:3: warning: incompatible implicit declaration of built-in function ‘printf’
   printf("sum: %f\n", sum);
   ^
../main.c:36:3: note: include ‘<stdio.h>’ or provide a declaration of ‘printf’
../main.c:36:10: warning: format ‘%f’ expects argument of type ‘double’, but argument 2 has type ‘long double’ [-Wformat=]
   printf("sum: %f\n", sum);
          ^
Finished building: ../main.c
 
Building target: maximumAverageSubarray
Invoking: GCC C Linker
gcc  -o "maximumAverageSubarray"  ./main.o   
Finished building target: maximumAverageSubarray
 
22:39:48 **** Incremental Build of configuration Debug for project maximumAverageSubarray ****
make all 
make: Nothing to be done for 'all'.
22:40:06 **** Incremental Build of configuration Debug for project maximumAverageSubarray ****
make all 
make: Nothing to be done for 'all'.
22:40:09 **** Incremental Build of configuration Debug for project maximumAverageSubarray ****
make all 
Building file: ../main.c
Invoking: GCC C Compiler
gcc -O0 -g3 -Wall -c -fmessage-length=0 -MMD -MP -MF"main.d" -MT"main.o" -o "main.o" "../main.c"
../main.c: In function ‘main’:
../main.c:14:2: warning: implicit declaration of function ‘printf’ [-Wimplicit-function-declaration]
  printf("findMaxAverage return value: %f\n", findMaxAverage(nums, 6, 6));
  ^
../main.c:14:2: warning: incompatible implicit declaration of built-in function ‘printf’
../main.c:14:2: note: include ‘<stdio.h>’ or provide a declaration of ‘printf’
../main.c: In function ‘findMaxAverage’:
../main.c:33:4: warning: incompatible implicit declaration of built-in function ‘printf’
    printf("%d ", nums[i]);
    ^
../main.c:33:4: note: include ‘<stdio.h>’ or provide a declaration of ‘printf’
Finished building: ../main.c
../main.c:36:3: warning: incompatible implicit declaration of built-in function ‘printf’
   printf("sum: %f\n", sum);
   ^
../main.c:36:3: note: include ‘<stdio.h>’ or provide a declaration of ‘printf’
../main.c:36:10: warning: format ‘%f’ expects argument of type ‘double’, but argument 2 has type ‘long double’ [-Wformat=]
 
   printf("sum: %f\n", sum);
          ^
Building target: maximumAverageSubarray
Invoking: GCC C Linker
gcc  -o "maximumAverageSubarray"  ./main.o   
Finished building target: maximumAverageSubarray
 
22:40:23 **** Incremental Build of configuration Debug for project maximumAverageSubarray ****
make all 
Building file: ../main.c
Invoking: GCC C Compiler
gcc -O0 -g3 -Wall -c -fmessage-length=0 -MMD -MP -MF"main.d" -MT"main.o" -o "main.o" "../main.c"
../main.c: In function ‘main’:
../main.c:14:2: warning: implicit declaration of function ‘printf’ [-Wimplicit-function-declaration]
  printf("findMaxAverage return value: %f\n", findMaxAverage(nums, 6, 6));
  ^
../main.c:14:2: warning: incompatible implicit declaration of built-in function ‘printf’
../main.c:14:2: note: include ‘<stdio.h>’ or provide a declaration of ‘printf’
../main.c: In function ‘findMaxAverage’:
../main.c:33:4: warning: incompatible implicit declaration of built-in function ‘printf’
    printf("%d ", nums[i]);
    ^
../main.c:33:4: note: include ‘<stdio.h>’ or provide a declaration of ‘printf’
../main.c:36:3: warning: incompatible implicit declaration of built-in function ‘printf’
   printf("sum: %f\n", sum);
   ^
../main.c:36:3: note: include ‘<stdio.h>’ or provide a declaration of ‘printf’
../main.c:36:10: warning: format ‘%f’ expects argument of type ‘double’, but argument 2 has type ‘long double’ [-Wformat=]
   printf("sum: %f\n", sum);
          ^
Finished building: ../main.c
 
Building target: maximumAverageSubarray
Invoking: GCC C Linker
gcc  -o "maximumAverageSubarray"  ./main.o   
Finished building target: maximumAverageSubarray
 
22:40:24 **** Incremental Build of configuration Debug for project maximumAverageSubarray ****
make all 
make: Nothing to be done for 'all'.
22:40:41 **** Incremental Build of configuration Debug for project maximumAverageSubarray ****
make all 
Building file: ../main.c
Invoking: GCC C Compiler
gcc -O0 -g3 -Wall -c -fmessage-length=0 -MMD -MP -MF"main.d" -MT"main.o" -o "main.o" "../main.c"
../main.c: In function ‘main’:
../main.c:14:2: warning: implicit declaration of function ‘printf’ [-Wimplicit-function-declaration]
  printf("findMaxAverage return value: %f\n", findMaxAverage(nums, 6, 6));
  ^
../main.c:14:2: warning: incompatible implicit declaration of built-in function ‘printf’
../main.c:14:2: note: include ‘<stdio.h>’ or provide a declaration of ‘printf’
../main.c: In function ‘findMaxAverage’:
../main.c:36:3: warning: incompatible implicit declaration of built-in function ‘printf’
   printf("sum: %f\n", sum);
   ^
../main.c:36:3: note: include ‘<stdio.h>’ or provide a declaration of ‘printf’
../main.c:36:10: warning: format ‘%f’ expects argument of type ‘double’, but argument 2 has type ‘long double’ [-Wformat=]
   printf("sum: %f\n", sum);
          ^
Finished building: ../main.c
 
Building target: maximumAverageSubarray
Invoking: GCC C Linker
gcc  -o "maximumAverageSubarray"  ./main.o   
Finished building target: maximumAverageSubarray
 
22:40:43 **** Incremental Build of configuration Debug for project maximumAverageSubarray ****
make all 
make: Nothing to be done for 'all'.
22:42:22 **** Incremental Build of configuration Debug for project maximumAverageSubarray ****
make all 
Building file: ../main.c
Invoking: GCC C Compiler
gcc -O0 -g3 -Wall -c -fmessage-length=0 -MMD -MP -MF"main.d" -MT"main.o" -o "main.o" "../main.c"
../main.c: In function ‘findMaxAverage’:
../main.c:39:10: warning: format ‘%f’ expects argument of type ‘double’, but argument 2 has type ‘long double’ [-Wformat=]
   printf("sum: %f\n", sum);
          ^
Finished building: ../main.c
 
Building target: maximumAverageSubarray
Invoking: GCC C Linker
gcc  -o "maximumAverageSubarray"  ./main.o   
Finished building target: maximumAverageSubarray
 
22:42:23 **** Incremental Build of configuration Debug for project maximumAverageSubarray ****
make all 
make: Nothing to be done for 'all'.
22:42:59 **** Incremental Build of configuration Debug for project maximumAverageSubarray ****
make all 
Building file: ../main.c
Invoking: GCC C Compiler
gcc -O0 -g3 -Wall -c -fmessage-length=0 -MMD -MP -MF"main.d" -MT"main.o" -o "main.o" "../main.c"
../main.c: In function ‘findMaxAverage’:
../main.c:39:10: warning: format ‘%f’ expects argument of type ‘double’, but argument 2 has type ‘long double’ [-Wformat=]
   printf("sum: %f\n", sum);
          ^
Finished building: ../main.c
 
Building target: maximumAverageSubarray
Invoking: GCC C Linker
gcc  -o "maximumAverageSubarray"  ./main.o   
Finished building target: maximumAverageSubarray
 
22:43:01 **** Incremental Build of configuration Debug for project maximumAverageSubarray ****
make all 
make: Nothing to be done for 'all'.
22:44:19 **** Incremental Build of configuration Debug for project maximumAverageSubarray ****
make all 
Building file: ../main.c
Invoking: GCC C Compiler
gcc -O0 -g3 -Wall -c -fmessage-length=0 -MMD -MP -MF"main.d" -MT"main.o" -o "main.o" "../main.c"
Finished building: ../main.c
 
Building target: maximumAverageSubarray
Invoking: GCC C Linker
gcc  -o "maximumAverageSubarray"  ./main.o   
Finished building target: maximumAverageSubarray
 
22:44:21 **** Incremental Build of configuration Debug for project maximumAverageSubarray ****
make all 
make: Nothing to be done for 'all'.
22:46:03 **** Incremental Build of configuration Debug for project maximumAverageSubarray ****
make all 
Building file: ../main.c
Invoking: GCC C Compiler
gcc -O0 -g3 -Wall -c -fmessage-length=0 -MMD -MP -MF"main.d" -MT"main.o" -o "main.o" "../main.c"
Finished building: ../main.c
 
Building target: maximumAverageSubarray
Invoking: GCC C Linker
gcc  -o "maximumAverageSubarray"  ./main.o   
Finished building target: maximumAverageSubarray
 
22:46:05 **** Incremental Build of configuration Debug for project maximumAverageSubarray ****
make all 
make: Nothing to be done for 'all'.
22:49:54 **** Incremental Build of configuration Debug for project maximumAverageSubarray ****
make all 
Building file: ../main.c
Invoking: GCC C Compiler
gcc -O0 -g3 -Wall -c -fmessage-length=0 -MMD -MP -MF"main.d" -MT"main.o" -o "main.o" "../main.c"
../main.c: In function ‘findMaxAverage’:
../main.c:44:10: warning: format ‘%f’ expects argument of type ‘double’, but argument 2 has type ‘long double’ [-Wformat=]
   printf("Average %f", average);
          ^
Finished building: ../main.c
 
Building target: maximumAverageSubarray
Invoking: GCC C Linker
gcc  -o "maximumAverageSubarray"  ./main.o   
Finished building target: maximumAverageSubarray
 
22:49:56 **** Incremental Build of configuration Debug for project maximumAverageSubarray ****
make all 
make: Nothing to be done for 'all'.
22:52:03 **** Incremental Build of configuration Debug for project maximumAverageSubarray ****
make all 
Building file: ../main.c
Invoking: GCC C Compiler
gcc -O0 -g3 -Wall -c -fmessage-length=0 -MMD -MP -MF"main.d" -MT"main.o" -o "main.o" "../main.c"
Finished building: ../main.c
 
Building target: maximumAverageSubarray
Invoking: GCC C Linker
gcc  -o "maximumAverageSubarray"  ./main.o   
Finished building target: maximumAverageSubarray
 
22:52:05 **** Incremental Build of configuration Debug for project maximumAverageSubarray ****
make all 
make: Nothing to be done for 'all'.
22:53:50 **** Incremental Build of configuration Debug for project maximumAverageSubarray ****
make all 
Building file: ../main.c
Invoking: GCC C Compiler
gcc -O0 -g3 -Wall -c -fmessage-length=0 -MMD -MP -MF"main.d" -MT"main.o" -o "main.o" "../main.c"
Finished building: ../main.c
 
Building target: maximumAverageSubarray
Invoking: GCC C Linker
gcc  -o "maximumAverageSubarray"  ./main.o   
Finished building target: maximumAverageSubarray
 
22:53:52 **** Incremental Build of configuration Debug for project maximumAverageSubarray ****
make all 
make: Nothing to be done for 'all'.
22:54:57 **** Incremental Build of configuration Debug for project maximumAverageSubarray ****
make all 
Building file: ../main.c
Invoking: GCC C Compiler
gcc -O0 -g3 -Wall -c -fmessage-length=0 -MMD -MP -MF"main.d" -MT"main.o" -o "main.o" "../main.c"
Finished building: ../main.c
 
Building target: maximumAverageSubarray
Invoking: GCC C Linker
gcc  -o "maximumAverageSubarray"  ./main.o   
Finished building target: maximumAverageSubarray
 
22:54:58 **** Incremental Build of configuration Debug for project maximumAverageSubarray ****
make all 
make: Nothing to be done for 'all'.
22:55:24 **** Incremental Build of configuration Debug for project maximumAverageSubarray ****
make all 
Building file: ../main.c
Invoking: GCC C Compiler
gcc -O0 -g3 -Wall -c -fmessage-length=0 -MMD -MP -MF"main.d" -MT"main.o" -o "main.o" "../main.c"
../main.c: In function ‘findMaxAverage’:
../main.c:25:38: error: incompatible types when initializing type ‘double’ using type ‘void *’
  double average, currentMaxAverage = NULL;
                                      ^
make: *** [main.o] Error 1
subdir.mk:18: recipe for target 'main.o' failed
22:55:36 **** Incremental Build of configuration Debug for project maximumAverageSubarray ****
make all 
Building file: ../main.c
Invoking: GCC C Compiler
gcc -O0 -g3 -Wall -c -fmessage-length=0 -MMD -MP -MF"main.d" -MT"main.o" -o "main.o" "../main.c"
Finished building: ../main.c
 
Building target: maximumAverageSubarray
Invoking: GCC C Linker
gcc  -o "maximumAverageSubarray"  ./main.o   
Finished building target: maximumAverageSubarray
 
22:55:38 **** Incremental Build of configuration Debug for project maximumAverageSubarray ****
make all 
make: Nothing to be done for 'all'.
22:57:28 **** Incremental Build of configuration Debug for project maximumAverageSubarray ****
make all 
Building file: ../main.c
Invoking: GCC C Compiler
gcc -O0 -g3 -Wall -c -fmessage-length=0 -MMD -MP -MF"main.d" -MT"main.o" -o "main.o" "../main.c"
Finished building: ../main.c
 
Building target: maximumAverageSubarray
Invoking: GCC C Linker
gcc  -o "maximumAverageSubarray"  ./main.o   
../main.c: In function ‘findMaxAverage’:
../main.c:26:20: warning: ‘average’ is used uninitialized in this function [-Wuninitialized]
  currentMaxAverage = average;
                    ^
Finished building target: maximumAverageSubarray
 
22:57:29 **** Incremental Build of configuration Debug for project maximumAverageSubarray ****
make all 
make: Nothing to be done for 'all'.
23:00:31 **** Incremental Build of configuration Debug for project maximumAverageSubarray ****
make all 
Building file: ../main.c
Invoking: GCC C Compiler
gcc -O0 -g3 -Wall -c -fmessage-length=0 -MMD -MP -MF"main.d" -MT"main.o" -o "main.o" "../main.c"
Finished building: ../main.c
 
Building target: maximumAverageSubarray
Invoking: GCC C Linker
gcc  -o "maximumAverageSubarray"  ./main.o   
Finished building target: maximumAverageSubarray
 
23:00:32 **** Incremental Build of configuration Debug for project maximumAverageSubarray ****
make all 
make: Nothing to be done for 'all'.
23:23:30 **** Build of configuration Debug for project searchInsert ****
make all 
Building file: ../main.c
Invoking: GCC C Compiler
gcc -O0 -g3 -Wall -c -fmessage-length=0 -MMD -MP -MF"main.d" -MT"main.o" -o "main.o" "../main.c"
../main.c: In function ‘main’:
../main.c:15:23: error: expected ‘}’ before ‘)’ token
  int a[] = {1, 3, 5, 6);
                       ^
../main.c:15:23: error: expected ‘,’ or ‘;’ before ‘)’ token
../main.c: In function ‘searchInsert’:
../main.c:41:1: warning: control reaches end of non-void function [-Wreturn-type]
 }
 ^
subdir.mk:18: recipe for target 'main.o' failed
make: *** [main.o] Error 1
23:23:40 **** Incremental Build of configuration Debug for project searchInsert ****
make all 
Building file: ../main.c
Invoking: GCC C Compiler
gcc -O0 -g3 -Wall -c -fmessage-length=0 -MMD -MP -MF"main.d" -MT"main.o" -o "main.o" "../main.c"
../main.c: In function ‘searchInsert’:
../main.c:41:1: warning: control reaches end of non-void function [-Wreturn-type]
 }
 ^
Finished building: ../main.c
 
Building target: searchInsert
Invoking: GCC C Linker
gcc  -o "searchInsert"  ./main.o   
Finished building target: searchInsert
 
23:23:44 **** Incremental Build of configuration Debug for project searchInsert ****
make all 
make: Nothing to be done for 'all'.
23:24:33 **** Incremental Build of configuration Debug for project searchInsert ****
make all 
Building file: ../main.c
Invoking: GCC C Compiler
gcc -O0 -g3 -Wall -c -fmessage-length=0 -MMD -MP -MF"main.d" -MT"main.o" -o "main.o" "../main.c"
Finished building: ../main.c
 
Building target: searchInsert
Invoking: GCC C Linker
gcc  -o "searchInsert"  ./main.o   
Finished building target: searchInsert
 
23:24:36 **** Incremental Build of configuration Debug for project searchInsert ****
make all 
make: Nothing to be done for 'all'.
23:28:45 **** Incremental Build of configuration Debug for project searchInsert ****
make all 
Building file: ../main.c
Invoking: GCC C Compiler
gcc -O0 -g3 -Wall -c -fmessage-length=0 -MMD -MP -MF"main.d" -MT"main.o" -o "main.o" "../main.c"
Finished building: ../main.c
 
Building target: searchInsert
Invoking: GCC C Linker
gcc  -o "searchInsert"  ./main.o   
Finished building target: searchInsert
 
23:28:46 **** Incremental Build of configuration Debug for project searchInsert ****
make all 
make: Nothing to be done for 'all'.
23:29:54 **** Incremental Build of configuration Debug for project searchInsert ****
make all 
Building file: ../main.c
Invoking: GCC C Compiler
gcc -O0 -g3 -Wall -c -fmessage-length=0 -MMD -MP -MF"main.d" -MT"main.o" -o "main.o" "../main.c"
Finished building: ../main.c
 
Building target: searchInsert
Invoking: GCC C Linker
gcc  -o "searchInsert"  ./main.o   
Finished building target: searchInsert
 
23:30:20 **** Incremental Build of configuration Debug for project searchInsert ****
make all 
Building file: ../main.c
Invoking: GCC C Compiler
gcc -O0 -g3 -Wall -c -fmessage-length=0 -MMD -MP -MF"main.d" -MT"main.o" -o "main.o" "../main.c"
Finished building: ../main.c
 
Building target: searchInsert
Invoking: GCC C Linker
gcc  -o "searchInsert"  ./main.o   
Finished building target: searchInsert
 
23:30:21 **** Incremental Build of configuration Debug for project searchInsert ****
make all 
make: Nothing to be done for 'all'.
23:31:57 **** Incremental Build of configuration Debug for project searchInsert ****
make all 
Building file: ../main.c
Invoking: GCC C Compiler
gcc -O0 -g3 -Wall -c -fmessage-length=0 -MMD -MP -MF"main.d" -MT"main.o" -o "main.o" "../main.c"
Finished building: ../main.c
 
Building target: searchInsert
Invoking: GCC C Linker
gcc  -o "searchInsert"  ./main.o   
Finished building target: searchInsert
 
23:31:58 **** Incremental Build of configuration Debug for project searchInsert ****
make all 
make: Nothing to be done for 'all'.
23:32:04 **** Incremental Build of configuration Debug for project searchInsert ****
make all 
Building file: ../main.c
Invoking: GCC C Compiler
gcc -O0 -g3 -Wall -c -fmessage-length=0 -MMD -MP -MF"main.d" -MT"main.o" -o "main.o" "../main.c"
Finished building: ../main.c
 
Building target: searchInsert
Invoking: GCC C Linker
gcc  -o "searchInsert"  ./main.o   
Finished building target: searchInsert
 
23:32:05 **** Incremental Build of configuration Debug for project searchInsert ****
make all 
make: Nothing to be done for 'all'.
23:32:11 **** Incremental Build of configuration Debug for project searchInsert ****
make all 
Building file: ../main.c
Invoking: GCC C Compiler
gcc -O0 -g3 -Wall -c -fmessage-length=0 -MMD -MP -MF"main.d" -MT"main.o" -o "main.o" "../main.c"
Finished building: ../main.c
 
Building target: searchInsert
Invoking: GCC C Linker
gcc  -o "searchInsert"  ./main.o   
Finished building target: searchInsert
 
23:32:12 **** Incremental Build of configuration Debug for project searchInsert ****
make all 
make: Nothing to be done for 'all'.
23:32:19 **** Incremental Build of configuration Debug for project searchInsert ****
make all 
make: Nothing to be done for 'all'.
23:32:21 **** Incremental Build of configuration Debug for project searchInsert ****
make all 
make: Nothing to be done for 'all'.
23:33:11 **** Incremental Build of configuration Debug for project searchInsert ****
make all 
Building file: ../main.c
Invoking: GCC C Compiler
gcc -O0 -g3 -Wall -c -fmessage-length=0 -MMD -MP -MF"main.d" -MT"main.o" -o "main.o" "../main.c"
Finished building: ../main.c
 
Building target: searchInsert
Invoking: GCC C Linker
gcc  -o "searchInsert"  ./main.o   
Finished building target: searchInsert
 
23:33:13 **** Incremental Build of configuration Debug for project searchInsert ****
make all 
make: Nothing to be done for 'all'.
23:33:18 **** Incremental Build of configuration Debug for project searchInsert ****
make all 
Building file: ../main.c
Invoking: GCC C Compiler
gcc -O0 -g3 -Wall -c -fmessage-length=0 -MMD -MP -MF"main.d" -MT"main.o" -o "main.o" "../main.c"
Finished building: ../main.c
 
Building target: searchInsert
Invoking: GCC C Linker
gcc  -o "searchInsert"  ./main.o   
Finished building target: searchInsert
 
23:33:19 **** Incremental Build of configuration Debug for project searchInsert ****
make all 
make: Nothing to be done for 'all'.
23:33:30 **** Incremental Build of configuration Debug for project searchInsert ****
make all 
Building file: ../main.c
Invoking: GCC C Compiler
gcc -O0 -g3 -Wall -c -fmessage-length=0 -MMD -MP -MF"main.d" -MT"main.o" -o "main.o" "../main.c"
Finished building: ../main.c
 
Building target: searchInsert
Invoking: GCC C Linker
gcc  -o "searchInsert"  ./main.o   
Finished building target: searchInsert
 
23:33:30 **** Incremental Build of configuration Debug for project searchInsert ****
make all 
make: Nothing to be done for 'all'.
23:33:41 **** Incremental Build of configuration Debug for project searchInsert ****
make all 
Building file: ../main.c
Invoking: GCC C Compiler
gcc -O0 -g3 -Wall -c -fmessage-length=0 -MMD -MP -MF"main.d" -MT"main.o" -o "main.o" "../main.c"
Finished building: ../main.c
 
Building target: searchInsert
Invoking: GCC C Linker
gcc  -o "searchInsert"  ./main.o   
Finished building target: searchInsert
 
23:35:41 **** Incremental Build of configuration Debug for project searchInsert ****
make all 
Building file: ../main.c
Invoking: GCC C Compiler
gcc -O0 -g3 -Wall -c -fmessage-length=0 -MMD -MP -MF"main.d" -MT"main.o" -o "main.o" "../main.c"
Finished building: ../main.c
 
Building target: searchInsert
Invoking: GCC C Linker
gcc  -o "searchInsert"  ./main.o   
Finished building target: searchInsert
 
23:54:39 **** Build of configuration Debug for project findComplement ****
make all 
Building file: ../main.c
Invoking: GCC C Compiler
gcc -O0 -g3 -Wall -c -fmessage-length=0 -MMD -MP -MF"main.d" -MT"main.o" -o "main.o" "../main.c"
Finished building: ../main.c
 
Building target: findComplement
Invoking: GCC C Linker
gcc  -o "findComplement"  ./main.o   
Finished building target: findComplement
 
23:54:41 **** Incremental Build of configuration Debug for project findComplement ****
make all 
make: Nothing to be done for 'all'.
23:56:47 **** Incremental Build of configuration Debug for project findComplement ****
make all 
Building file: ../main.c
Invoking: GCC C Compiler
gcc -O0 -g3 -Wall -c -fmessage-length=0 -MMD -MP -MF"main.d" -MT"main.o" -o "main.o" "../main.c"
Finished building: ../main.c
 
Building target: findComplement
Invoking: GCC C Linker
gcc  -o "findComplement"  ./main.o   
Finished building target: findComplement
 
23:56:48 **** Incremental Build of configuration Debug for project findComplement ****
make all 
make: Nothing to be done for 'all'.
